[2025-03-06 03:35:32,658: INFO: main: Welcome to our custom logging data science]
[2025-03-07 00:51:28,071: INFO: common: yaml file: config\config.yaml loaded successfully]
[2025-03-07 00:51:28,078: INFO: common: yaml file: params.yaml loaded successfully]
[2025-03-07 00:51:28,080: INFO: common: yaml file: schema.yaml loaded successfully]
[2025-03-07 00:51:28,082: INFO: common: created directory at: artifacts]
[2025-03-07 00:51:28,083: INFO: common: created directory at: artifacts/data_ingestion]
[2025-03-07 00:51:29,455: INFO: 11311155: artifacts/data_ingestion/data.zip download! with following info: 
Connection: close
Content-Length: 23329
Cache-Control: max-age=300
Content-Security-Policy: default-src 'none'; style-src 'unsafe-inline'; sandbox
Content-Type: application/zip
ETag: "c69888a4ae59bc5a893392785a938ccd4937981c06ba8a9d6a21aa52b4ab5b6e"
Strict-Transport-Security: max-age=31536000
X-Content-Type-Options: nosniff
X-Frame-Options: deny
X-XSS-Protection: 1; mode=block
X-GitHub-Request-Id: CCA6:1EA3EA:460052:4EA6D2:67CA26F6
Accept-Ranges: bytes
Date: Thu, 06 Mar 2025 22:51:35 GMT
Via: 1.1 varnish
X-Served-By: cache-lin1730020-LIN
X-Cache: MISS
X-Cache-Hits: 0
X-Timer: S1741301495.105428,VS0,VE169
Vary: Authorization,Accept-Encoding,Origin
Access-Control-Allow-Origin: *
Cross-Origin-Resource-Policy: cross-origin
X-Fastly-Request-ID: 606700f80027fd18791a6a11a564a85065a5d8cf
Expires: Thu, 06 Mar 2025 22:56:35 GMT
Source-Age: 0

]
[2025-03-07 03:08:17,333: INFO: main: Welcome to our custom logging data science]
[2025-03-07 03:08:17,334: INFO: main: >>>>>> stage Data Ingestion stage started <<<<<<]
[2025-03-07 03:08:17,342: INFO: common: yaml file: config\config.yaml loaded successfully]
[2025-03-07 03:08:17,348: INFO: common: yaml file: params.yaml loaded successfully]
[2025-03-07 03:08:17,350: INFO: common: yaml file: schema.yaml loaded successfully]
[2025-03-07 03:08:17,350: INFO: common: created directory at: artifacts]
[2025-03-07 03:08:17,350: INFO: common: created directory at: artifacts/data_ingestion]
[2025-03-07 03:08:18,710: INFO: data_ingestion: artifacts/data_ingestion/data.zip download! with following info: 
Connection: close
Content-Length: 23329
Cache-Control: max-age=300
Content-Security-Policy: default-src 'none'; style-src 'unsafe-inline'; sandbox
Content-Type: application/zip
ETag: "c69888a4ae59bc5a893392785a938ccd4937981c06ba8a9d6a21aa52b4ab5b6e"
Strict-Transport-Security: max-age=31536000
X-Content-Type-Options: nosniff
X-Frame-Options: deny
X-XSS-Protection: 1; mode=block
X-GitHub-Request-Id: B1EC:394B0A:570D67:62FC9F:67CA4707
Accept-Ranges: bytes
Date: Fri, 07 Mar 2025 01:08:25 GMT
Via: 1.1 varnish
X-Served-By: cache-lin1730072-LIN
X-Cache: MISS
X-Cache-Hits: 0
X-Timer: S1741309705.980446,VS0,VE186
Vary: Authorization,Accept-Encoding,Origin
Access-Control-Allow-Origin: *
Cross-Origin-Resource-Policy: cross-origin
X-Fastly-Request-ID: 53e4ece8806a3868a74845fc65baec912dc438eb
Expires: Fri, 07 Mar 2025 01:13:25 GMT
Source-Age: 0

]
[2025-03-07 03:08:18,724: INFO: main: >>>>>> stage Data Ingestion stage completed <<<<<<

x============x]
[2025-03-08 01:51:17,748: INFO: common: yaml file: config\config.yaml loaded successfully]
[2025-03-08 01:51:17,753: INFO: common: yaml file: params.yaml loaded successfully]
[2025-03-08 01:51:17,757: INFO: common: yaml file: schema.yaml loaded successfully]
[2025-03-08 01:51:17,760: INFO: common: created directory at: artifacts]
[2025-03-08 01:51:17,760: INFO: common: created directory at: artifacts/data_validation]
[2025-03-08 01:52:36,920: INFO: common: yaml file: config\config.yaml loaded successfully]
[2025-03-08 01:52:36,922: INFO: common: yaml file: params.yaml loaded successfully]
[2025-03-08 01:52:36,925: INFO: common: yaml file: schema.yaml loaded successfully]
[2025-03-08 01:52:36,926: INFO: common: created directory at: artifacts]
[2025-03-08 01:52:36,927: INFO: common: created directory at: artifacts/data_validation]
[2025-03-08 02:06:39,078: INFO: main: Welcome to our custom logging data science]
[2025-03-08 02:06:39,079: INFO: main: >>>>>> stage Data Ingestion stage started <<<<<<]
[2025-03-08 02:06:39,081: INFO: common: yaml file: config\config.yaml loaded successfully]
[2025-03-08 02:06:39,082: INFO: common: yaml file: params.yaml loaded successfully]
[2025-03-08 02:06:39,083: INFO: common: yaml file: schema.yaml loaded successfully]
[2025-03-08 02:06:39,083: INFO: common: created directory at: artifacts]
[2025-03-08 02:06:39,084: INFO: common: created directory at: artifacts/data_ingestion]
[2025-03-08 02:06:39,084: INFO: data_ingestion: File already exists]
[2025-03-08 02:06:39,099: INFO: main: >>>>>> stage Data Ingestion stage completed <<<<<<

x============x]
[2025-03-08 02:06:39,099: INFO: main: >>>>>> stage Data Validation stage started <<<<<<]
[2025-03-08 02:06:39,101: INFO: common: yaml file: config\config.yaml loaded successfully]
[2025-03-08 02:06:39,102: INFO: common: yaml file: params.yaml loaded successfully]
[2025-03-08 02:06:39,104: INFO: common: yaml file: schema.yaml loaded successfully]
[2025-03-08 02:06:39,104: INFO: common: created directory at: artifacts]
[2025-03-08 02:06:39,104: INFO: common: created directory at: artifacts/data_validation]
[2025-03-08 02:06:39,104: ERROR: main: 'DataIngestion' object has no attribute 'validate_all_columns']
Traceback (most recent call last):
  File "F:\zizo\MLOPS\datascienceproject\main.py", line 20, in <module>
    obj.initiate_data_validation()
  File "F:\zizo\MLOPS\datascienceproject\src\datascience\pipeline\data_validation_pipeline.py", line 16, in initiate_data_validation
    data_validation.validate_all_columns()
AttributeError: 'DataIngestion' object has no attribute 'validate_all_columns'
[2025-03-08 02:08:36,981: INFO: main: Welcome to our custom logging data science]
[2025-03-08 02:08:36,981: INFO: main: >>>>>> stage Data Ingestion stage started <<<<<<]
[2025-03-08 02:08:36,983: INFO: common: yaml file: config\config.yaml loaded successfully]
[2025-03-08 02:08:36,983: INFO: common: yaml file: params.yaml loaded successfully]
[2025-03-08 02:08:36,986: INFO: common: yaml file: schema.yaml loaded successfully]
[2025-03-08 02:08:36,986: INFO: common: created directory at: artifacts]
[2025-03-08 02:08:36,986: INFO: common: created directory at: artifacts/data_ingestion]
[2025-03-08 02:08:36,987: INFO: data_ingestion: File already exists]
[2025-03-08 02:08:36,988: INFO: main: >>>>>> stage Data Ingestion stage completed <<<<<<

x============x]
[2025-03-08 02:08:36,988: INFO: main: >>>>>> stage Data Validation stage started <<<<<<]
[2025-03-08 02:08:36,989: INFO: common: yaml file: config\config.yaml loaded successfully]
[2025-03-08 02:08:36,990: INFO: common: yaml file: params.yaml loaded successfully]
[2025-03-08 02:08:36,991: INFO: common: yaml file: schema.yaml loaded successfully]
[2025-03-08 02:08:36,992: INFO: common: created directory at: artifacts]
[2025-03-08 02:08:36,992: INFO: common: created directory at: artifacts/data_validation]
[2025-03-08 02:08:36,999: INFO: main: >>>>>> stage Data Validation stage completed <<<<<<

x============x]
[2025-03-09 00:46:32,644: INFO: common: yaml file: config\config.yaml loaded successfully]
[2025-03-09 00:46:32,646: INFO: common: yaml file: params.yaml loaded successfully]
[2025-03-09 00:46:32,650: INFO: common: yaml file: schema.yaml loaded successfully]
[2025-03-09 00:46:32,652: INFO: common: created directory at: artifacts]
[2025-03-09 00:46:32,653: INFO: common: created directory at: artifacts/data_transformation]
[2025-03-09 00:46:32,690: INFO: 1168814766: Splited data into training and test sets]
[2025-03-09 00:46:32,691: INFO: 1168814766: (1199, 12)]
[2025-03-09 00:46:32,692: INFO: 1168814766: (400, 12)]
[2025-03-09 01:03:03,712: INFO: main: Welcome to our custom logging data science]
[2025-03-09 01:03:03,712: INFO: main: >>>>>> stage Data Ingestion stage started <<<<<<]
[2025-03-09 01:03:03,714: INFO: common: yaml file: config\config.yaml loaded successfully]
[2025-03-09 01:03:03,715: INFO: common: yaml file: params.yaml loaded successfully]
[2025-03-09 01:03:03,717: INFO: common: yaml file: schema.yaml loaded successfully]
[2025-03-09 01:03:03,717: INFO: common: created directory at: artifacts]
[2025-03-09 01:03:03,718: INFO: common: created directory at: artifacts/data_ingestion]
[2025-03-09 01:03:03,718: INFO: data_ingestion: File already exists]
[2025-03-09 01:03:03,732: INFO: main: >>>>>> stage Data Ingestion stage completed <<<<<<

x============x]
[2025-03-09 01:03:03,732: INFO: main: >>>>>> stage Data Validation stage started <<<<<<]
[2025-03-09 01:03:03,734: INFO: common: yaml file: config\config.yaml loaded successfully]
[2025-03-09 01:03:03,734: INFO: common: yaml file: params.yaml loaded successfully]
[2025-03-09 01:03:03,736: INFO: common: yaml file: schema.yaml loaded successfully]
[2025-03-09 01:03:03,737: INFO: common: created directory at: artifacts]
[2025-03-09 01:03:03,737: INFO: common: created directory at: artifacts/data_validation]
[2025-03-09 01:03:03,744: INFO: main: >>>>>> stage Data Validation stage completed <<<<<<

x============x]
[2025-03-09 01:03:03,744: INFO: main: >>>>>> stage Data Transformation stage started <<<<<<]
[2025-03-09 01:03:03,746: INFO: main: >>>>>> stage Data Transformation stage completed <<<<<<

x============x]
[2025-03-09 01:03:39,187: INFO: main: Welcome to our custom logging data science]
[2025-03-09 01:03:39,187: INFO: main: >>>>>> stage Data Ingestion stage started <<<<<<]
[2025-03-09 01:03:39,189: INFO: common: yaml file: config\config.yaml loaded successfully]
[2025-03-09 01:03:39,190: INFO: common: yaml file: params.yaml loaded successfully]
[2025-03-09 01:03:39,191: INFO: common: yaml file: schema.yaml loaded successfully]
[2025-03-09 01:03:39,192: INFO: common: created directory at: artifacts]
[2025-03-09 01:03:39,193: INFO: common: created directory at: artifacts/data_ingestion]
[2025-03-09 01:03:39,193: INFO: data_ingestion: File already exists]
[2025-03-09 01:03:39,195: INFO: main: >>>>>> stage Data Ingestion stage completed <<<<<<

x============x]
[2025-03-09 01:03:39,196: INFO: main: >>>>>> stage Data Validation stage started <<<<<<]
[2025-03-09 01:03:39,197: INFO: common: yaml file: config\config.yaml loaded successfully]
[2025-03-09 01:03:39,199: INFO: common: yaml file: params.yaml loaded successfully]
[2025-03-09 01:03:39,200: INFO: common: yaml file: schema.yaml loaded successfully]
[2025-03-09 01:03:39,201: INFO: common: created directory at: artifacts]
[2025-03-09 01:03:39,202: INFO: common: created directory at: artifacts/data_validation]
[2025-03-09 01:03:39,210: INFO: main: >>>>>> stage Data Validation stage completed <<<<<<

x============x]
[2025-03-09 01:03:39,210: INFO: main: >>>>>> stage Data Transformation stage started <<<<<<]
[2025-03-09 01:03:39,212: INFO: main: >>>>>> stage Data Transformation stage completed <<<<<<

x============x]
[2025-03-09 01:04:49,186: INFO: main: Welcome to our custom logging data science]
[2025-03-09 01:04:49,186: INFO: main: >>>>>> stage Data Ingestion stage started <<<<<<]
[2025-03-09 01:04:49,189: INFO: common: yaml file: config\config.yaml loaded successfully]
[2025-03-09 01:04:49,189: INFO: common: yaml file: params.yaml loaded successfully]
[2025-03-09 01:04:49,191: INFO: common: yaml file: schema.yaml loaded successfully]
[2025-03-09 01:04:49,191: INFO: common: created directory at: artifacts]
[2025-03-09 01:04:49,192: INFO: common: created directory at: artifacts/data_ingestion]
[2025-03-09 01:04:49,192: INFO: data_ingestion: File already exists]
[2025-03-09 01:04:49,194: INFO: main: >>>>>> stage Data Ingestion stage completed <<<<<<

x============x]
[2025-03-09 01:04:49,194: INFO: main: >>>>>> stage Data Validation stage started <<<<<<]
[2025-03-09 01:04:49,196: INFO: common: yaml file: config\config.yaml loaded successfully]
[2025-03-09 01:04:49,197: INFO: common: yaml file: params.yaml loaded successfully]
[2025-03-09 01:04:49,198: INFO: common: yaml file: schema.yaml loaded successfully]
[2025-03-09 01:04:49,199: INFO: common: created directory at: artifacts]
[2025-03-09 01:04:49,199: INFO: common: created directory at: artifacts/data_validation]
[2025-03-09 01:04:49,206: INFO: main: >>>>>> stage Data Validation stage completed <<<<<<

x============x]
[2025-03-09 01:04:49,206: INFO: main: >>>>>> stage Data Transformation stage started <<<<<<]
[2025-03-09 01:04:49,209: INFO: common: yaml file: config\config.yaml loaded successfully]
[2025-03-09 01:04:49,210: INFO: common: yaml file: params.yaml loaded successfully]
[2025-03-09 01:04:49,212: INFO: common: yaml file: schema.yaml loaded successfully]
[2025-03-09 01:04:49,212: INFO: common: created directory at: artifacts]
[2025-03-09 01:04:49,213: INFO: common: created directory at: artifacts/data_transformation]
[2025-03-09 01:04:49,228: INFO: data_transformation: Splited data into training and test sets]
[2025-03-09 01:04:49,228: INFO: data_transformation: (1199, 12)]
[2025-03-09 01:04:49,229: INFO: data_transformation: (400, 12)]
[2025-03-09 01:04:49,229: INFO: main: >>>>>> stage Data Transformation stage completed <<<<<<

x============x]
[2025-03-09 01:46:27,585: INFO: common: yaml file: config\config.yaml loaded successfully]
[2025-03-09 01:46:27,596: INFO: common: yaml file: params.yaml loaded successfully]
[2025-03-09 01:46:27,600: INFO: common: yaml file: schema.yaml loaded successfully]
[2025-03-09 01:46:27,603: INFO: common: created directory at: artifacts]
[2025-03-09 01:47:49,922: INFO: common: yaml file: config\config.yaml loaded successfully]
[2025-03-09 01:47:49,923: INFO: common: yaml file: params.yaml loaded successfully]
[2025-03-09 01:47:49,926: INFO: common: yaml file: schema.yaml loaded successfully]
[2025-03-09 01:47:49,927: INFO: common: created directory at: artifacts]
[2025-03-09 01:49:54,491: INFO: common: yaml file: config\config.yaml loaded successfully]
[2025-03-09 01:49:54,493: INFO: common: yaml file: params.yaml loaded successfully]
[2025-03-09 01:49:54,496: INFO: common: yaml file: schema.yaml loaded successfully]
[2025-03-09 01:49:54,497: INFO: common: created directory at: artifacts]
[2025-03-09 01:49:54,498: INFO: common: created directory at: artifacts/model_trainer]
[2025-03-09 01:59:04,111: INFO: main: Welcome to our custom logging data science]
[2025-03-09 01:59:04,111: INFO: main: >>>>>> stage Data Ingestion stage started <<<<<<]
[2025-03-09 01:59:04,114: INFO: common: yaml file: config\config.yaml loaded successfully]
[2025-03-09 01:59:04,115: INFO: common: yaml file: params.yaml loaded successfully]
[2025-03-09 01:59:04,117: INFO: common: yaml file: schema.yaml loaded successfully]
[2025-03-09 01:59:04,118: INFO: common: created directory at: artifacts]
[2025-03-09 01:59:04,118: INFO: common: created directory at: artifacts/data_ingestion]
[2025-03-09 01:59:04,118: INFO: data_ingestion: File already exists]
[2025-03-09 01:59:04,120: INFO: main: >>>>>> stage Data Ingestion stage completed <<<<<<

x============x]
[2025-03-09 01:59:04,121: INFO: main: >>>>>> stage Data Validation stage started <<<<<<]
[2025-03-09 01:59:04,124: INFO: common: yaml file: config\config.yaml loaded successfully]
[2025-03-09 01:59:04,125: INFO: common: yaml file: params.yaml loaded successfully]
[2025-03-09 01:59:04,129: INFO: common: yaml file: schema.yaml loaded successfully]
[2025-03-09 01:59:04,130: INFO: common: created directory at: artifacts]
[2025-03-09 01:59:04,130: INFO: common: created directory at: artifacts/data_validation]
[2025-03-09 01:59:04,138: INFO: main: >>>>>> stage Data Validation stage completed <<<<<<

x============x]
[2025-03-09 01:59:04,138: INFO: main: >>>>>> stage Data Transformation stage started <<<<<<]
[2025-03-09 01:59:04,142: INFO: common: yaml file: config\config.yaml loaded successfully]
[2025-03-09 01:59:04,143: INFO: common: yaml file: params.yaml loaded successfully]
[2025-03-09 01:59:04,145: INFO: common: yaml file: schema.yaml loaded successfully]
[2025-03-09 01:59:04,146: INFO: common: created directory at: artifacts]
[2025-03-09 01:59:04,146: INFO: common: created directory at: artifacts/data_transformation]
[2025-03-09 01:59:04,163: INFO: data_transformation: Splited data into training and test sets]
[2025-03-09 01:59:04,164: INFO: data_transformation: (1199, 12)]
[2025-03-09 01:59:04,164: INFO: data_transformation: (400, 12)]
[2025-03-09 01:59:04,164: INFO: main: >>>>>> stage Data Transformation stage completed <<<<<<

x============x]
[2025-03-09 01:59:04,165: INFO: main: >>>>>> stage Model Trainer stage started <<<<<<]
[2025-03-09 01:59:04,167: INFO: common: yaml file: config\config.yaml loaded successfully]
[2025-03-09 01:59:04,168: INFO: common: yaml file: params.yaml loaded successfully]
[2025-03-09 01:59:04,170: INFO: common: yaml file: schema.yaml loaded successfully]
[2025-03-09 01:59:04,171: INFO: common: created directory at: artifacts]
[2025-03-09 01:59:04,171: INFO: common: created directory at: artifacts/model_trainer]
[2025-03-09 01:59:04,202: INFO: main: >>>>>> stage Model Trainer stage completed <<<<<<

x============x]
[2025-03-09 01:59:29,435: INFO: main: Welcome to our custom logging data science]
[2025-03-09 01:59:29,435: INFO: main: >>>>>> stage Data Ingestion stage started <<<<<<]
[2025-03-09 01:59:29,438: INFO: common: yaml file: config\config.yaml loaded successfully]
[2025-03-09 01:59:29,439: INFO: common: yaml file: params.yaml loaded successfully]
[2025-03-09 01:59:29,440: INFO: common: yaml file: schema.yaml loaded successfully]
[2025-03-09 01:59:29,441: INFO: common: created directory at: artifacts]
[2025-03-09 01:59:29,441: INFO: common: created directory at: artifacts/data_ingestion]
[2025-03-09 01:59:29,441: INFO: data_ingestion: File already exists]
[2025-03-09 01:59:29,443: INFO: main: >>>>>> stage Data Ingestion stage completed <<<<<<

x============x]
[2025-03-09 01:59:29,443: INFO: main: >>>>>> stage Data Validation stage started <<<<<<]
[2025-03-09 01:59:29,446: INFO: common: yaml file: config\config.yaml loaded successfully]
[2025-03-09 01:59:29,447: INFO: common: yaml file: params.yaml loaded successfully]
[2025-03-09 01:59:29,449: INFO: common: yaml file: schema.yaml loaded successfully]
[2025-03-09 01:59:29,450: INFO: common: created directory at: artifacts]
[2025-03-09 01:59:29,450: INFO: common: created directory at: artifacts/data_validation]
[2025-03-09 01:59:29,456: INFO: main: >>>>>> stage Data Validation stage completed <<<<<<

x============x]
[2025-03-09 01:59:29,457: INFO: main: >>>>>> stage Data Transformation stage started <<<<<<]
[2025-03-09 01:59:29,460: INFO: common: yaml file: config\config.yaml loaded successfully]
[2025-03-09 01:59:29,461: INFO: common: yaml file: params.yaml loaded successfully]
[2025-03-09 01:59:29,463: INFO: common: yaml file: schema.yaml loaded successfully]
[2025-03-09 01:59:29,463: INFO: common: created directory at: artifacts]
[2025-03-09 01:59:29,464: INFO: common: created directory at: artifacts/data_transformation]
[2025-03-09 01:59:29,479: INFO: data_transformation: Splited data into training and test sets]
[2025-03-09 01:59:29,479: INFO: data_transformation: (1199, 12)]
[2025-03-09 01:59:29,479: INFO: data_transformation: (400, 12)]
[2025-03-09 01:59:29,479: INFO: main: >>>>>> stage Data Transformation stage completed <<<<<<

x============x]
[2025-03-09 01:59:29,480: INFO: main: >>>>>> stage Model Trainer stage started <<<<<<]
[2025-03-09 01:59:29,482: INFO: common: yaml file: config\config.yaml loaded successfully]
[2025-03-09 01:59:29,483: INFO: common: yaml file: params.yaml loaded successfully]
[2025-03-09 01:59:29,485: INFO: common: yaml file: schema.yaml loaded successfully]
[2025-03-09 01:59:29,485: INFO: common: created directory at: artifacts]
[2025-03-09 01:59:29,485: INFO: common: created directory at: artifacts/model_trainer]
[2025-03-09 01:59:29,516: INFO: main: >>>>>> stage Model Trainer stage completed <<<<<<

x============x]
[2025-03-10 02:11:34,241: INFO: common: yaml file: config\config.yaml loaded successfully]
[2025-03-10 02:11:34,251: INFO: common: yaml file: params.yaml loaded successfully]
[2025-03-10 02:11:34,260: INFO: common: yaml file: schema.yaml loaded successfully]
[2025-03-10 02:11:34,262: INFO: common: created directory at: artifacts]
[2025-03-10 02:11:34,264: INFO: common: created directory at: artifacts/model_evaluation]
[2025-03-10 02:12:19,290: INFO: common: yaml file: config\config.yaml loaded successfully]
[2025-03-10 02:12:19,291: INFO: common: yaml file: params.yaml loaded successfully]
[2025-03-10 02:12:19,293: INFO: common: yaml file: schema.yaml loaded successfully]
[2025-03-10 02:12:19,294: INFO: common: created directory at: artifacts]
[2025-03-10 02:12:19,294: INFO: common: created directory at: artifacts/model_evaluation]
[2025-03-10 02:12:20,271: INFO: common: json file saved at: artifacts\model_evaluation\metrics.json]
[2025-03-10 02:26:31,508: INFO: main: Welcome to our custom logging data science]
[2025-03-10 02:26:31,508: INFO: main: >>>>>> stage Data Ingestion stage started <<<<<<]
[2025-03-10 02:26:31,511: INFO: common: yaml file: config\config.yaml loaded successfully]
[2025-03-10 02:26:31,512: INFO: common: yaml file: params.yaml loaded successfully]
[2025-03-10 02:26:31,515: INFO: common: yaml file: schema.yaml loaded successfully]
[2025-03-10 02:26:31,515: INFO: common: created directory at: artifacts]
[2025-03-10 02:26:31,515: INFO: common: created directory at: artifacts/data_ingestion]
[2025-03-10 02:26:31,516: INFO: data_ingestion: File already exists]
[2025-03-10 02:26:31,530: INFO: main: >>>>>> stage Data Ingestion stage completed <<<<<<

x============x]
[2025-03-10 02:26:31,530: INFO: main: >>>>>> stage Data Validation stage started <<<<<<]
[2025-03-10 02:26:31,533: INFO: common: yaml file: config\config.yaml loaded successfully]
[2025-03-10 02:26:31,534: INFO: common: yaml file: params.yaml loaded successfully]
[2025-03-10 02:26:31,536: INFO: common: yaml file: schema.yaml loaded successfully]
[2025-03-10 02:26:31,537: INFO: common: created directory at: artifacts]
[2025-03-10 02:26:31,538: INFO: common: created directory at: artifacts/data_validation]
[2025-03-10 02:26:31,554: INFO: main: >>>>>> stage Data Validation stage completed <<<<<<

x============x]
[2025-03-10 02:26:31,554: INFO: main: >>>>>> stage Data Transformation stage started <<<<<<]
[2025-03-10 02:26:31,563: INFO: common: yaml file: config\config.yaml loaded successfully]
[2025-03-10 02:26:31,565: INFO: common: yaml file: params.yaml loaded successfully]
[2025-03-10 02:26:31,566: INFO: common: yaml file: schema.yaml loaded successfully]
[2025-03-10 02:26:31,568: INFO: common: created directory at: artifacts]
[2025-03-10 02:26:31,568: INFO: common: created directory at: artifacts/data_transformation]
[2025-03-10 02:26:31,584: INFO: data_transformation: Splited data into training and test sets]
[2025-03-10 02:26:31,584: INFO: data_transformation: (1199, 12)]
[2025-03-10 02:26:31,584: INFO: data_transformation: (400, 12)]
[2025-03-10 02:26:31,585: INFO: main: >>>>>> stage Data Transformation stage completed <<<<<<

x============x]
[2025-03-10 02:26:31,585: INFO: main: >>>>>> stage Model Trainer stage started <<<<<<]
[2025-03-10 02:26:31,588: INFO: common: yaml file: config\config.yaml loaded successfully]
[2025-03-10 02:26:31,590: INFO: common: yaml file: params.yaml loaded successfully]
[2025-03-10 02:26:31,592: INFO: common: yaml file: schema.yaml loaded successfully]
[2025-03-10 02:26:31,593: INFO: common: created directory at: artifacts]
[2025-03-10 02:26:31,593: INFO: common: created directory at: artifacts/model_trainer]
[2025-03-10 02:26:31,621: INFO: main: >>>>>> stage Model Trainer stage completed <<<<<<

x============x]
[2025-03-10 02:26:31,621: INFO: main: >>>>>> stage Model Evaluation stage started <<<<<<]
[2025-03-10 02:26:31,624: INFO: common: yaml file: config\config.yaml loaded successfully]
[2025-03-10 02:26:31,625: INFO: common: yaml file: params.yaml loaded successfully]
[2025-03-10 02:26:31,627: INFO: common: yaml file: schema.yaml loaded successfully]
[2025-03-10 02:26:31,627: INFO: common: created directory at: artifacts]
[2025-03-10 02:26:31,628: INFO: common: created directory at: artifacts/model_evaluation]
[2025-03-10 02:26:32,345: INFO: common: json file saved at: artifacts\model_evaluation\metrics.json]
[2025-03-10 02:26:37,579: INFO: main: >>>>>> stage Model Evaluation stage completed <<<<<<

x============x]
[2025-03-10 02:29:39,181: INFO: main: Welcome to our custom logging data science]
[2025-03-10 02:29:39,182: INFO: main: >>>>>> stage Data Ingestion stage started <<<<<<]
[2025-03-10 02:29:39,184: INFO: common: yaml file: config\config.yaml loaded successfully]
[2025-03-10 02:29:39,185: INFO: common: yaml file: params.yaml loaded successfully]
[2025-03-10 02:29:39,186: INFO: common: yaml file: schema.yaml loaded successfully]
[2025-03-10 02:29:39,187: INFO: common: created directory at: artifacts]
[2025-03-10 02:29:39,187: INFO: common: created directory at: artifacts/data_ingestion]
[2025-03-10 02:29:39,187: INFO: data_ingestion: File already exists]
[2025-03-10 02:29:39,190: INFO: main: >>>>>> stage Data Ingestion stage completed <<<<<<

x============x]
[2025-03-10 02:29:39,190: INFO: main: >>>>>> stage Data Validation stage started <<<<<<]
[2025-03-10 02:29:39,193: INFO: common: yaml file: config\config.yaml loaded successfully]
[2025-03-10 02:29:39,194: INFO: common: yaml file: params.yaml loaded successfully]
[2025-03-10 02:29:39,196: INFO: common: yaml file: schema.yaml loaded successfully]
[2025-03-10 02:29:39,196: INFO: common: created directory at: artifacts]
[2025-03-10 02:29:39,198: INFO: common: created directory at: artifacts/data_validation]
[2025-03-10 02:29:39,204: INFO: main: >>>>>> stage Data Validation stage completed <<<<<<

x============x]
[2025-03-10 02:29:39,204: INFO: main: >>>>>> stage Data Transformation stage started <<<<<<]
[2025-03-10 02:29:39,209: INFO: common: yaml file: config\config.yaml loaded successfully]
[2025-03-10 02:29:39,210: INFO: common: yaml file: params.yaml loaded successfully]
[2025-03-10 02:29:39,212: INFO: common: yaml file: schema.yaml loaded successfully]
[2025-03-10 02:29:39,212: INFO: common: created directory at: artifacts]
[2025-03-10 02:29:39,213: INFO: common: created directory at: artifacts/data_transformation]
[2025-03-10 02:29:39,228: INFO: data_transformation: Splited data into training and test sets]
[2025-03-10 02:29:39,228: INFO: data_transformation: (1199, 12)]
[2025-03-10 02:29:39,229: INFO: data_transformation: (400, 12)]
[2025-03-10 02:29:39,229: INFO: main: >>>>>> stage Data Transformation stage completed <<<<<<

x============x]
[2025-03-10 02:29:39,229: INFO: main: >>>>>> stage Model Trainer stage started <<<<<<]
[2025-03-10 02:29:39,232: INFO: common: yaml file: config\config.yaml loaded successfully]
[2025-03-10 02:29:39,234: INFO: common: yaml file: params.yaml loaded successfully]
[2025-03-10 02:29:39,239: INFO: common: yaml file: schema.yaml loaded successfully]
[2025-03-10 02:29:39,240: INFO: common: created directory at: artifacts]
[2025-03-10 02:29:39,240: INFO: common: created directory at: artifacts/model_trainer]
[2025-03-10 02:29:39,268: INFO: main: >>>>>> stage Model Trainer stage completed <<<<<<

x============x]
[2025-03-10 02:29:39,269: INFO: main: >>>>>> stage Model Evaluation stage started <<<<<<]
[2025-03-10 02:29:39,272: INFO: common: yaml file: config\config.yaml loaded successfully]
[2025-03-10 02:29:39,274: INFO: common: yaml file: params.yaml loaded successfully]
[2025-03-10 02:29:39,276: INFO: common: yaml file: schema.yaml loaded successfully]
[2025-03-10 02:29:39,277: INFO: common: created directory at: artifacts]
[2025-03-10 02:29:39,277: INFO: common: created directory at: artifacts/model_evaluation]
[2025-03-10 02:29:40,587: INFO: common: json file saved at: artifacts\model_evaluation\metrics.json]
[2025-03-10 02:29:50,605: INFO: main: >>>>>> stage Model Evaluation stage completed <<<<<<

x============x]
[2025-03-10 03:14:44,747: INFO: _internal: [31m[1mWARNING: This is a development server. Do not use it in a production deployment. Use a production WSGI server instead.[0m
 * Running on all addresses (0.0.0.0)
 * Running on http://127.0.0.1:8080
 * Running on http://192.168.8.182:8080]
[2025-03-10 03:14:44,748: INFO: _internal: [33mPress CTRL+C to quit[0m]
[2025-03-10 03:15:25,489: INFO: _internal: 127.0.0.1 - - [10/Mar/2025 03:15:25] "GET / HTTP/1.1" 200 -]
[2025-03-10 03:15:25,508: INFO: _internal: 127.0.0.1 - - [10/Mar/2025 03:15:25] "[33mGET /static/assets/img/form-v9.jpg HTTP/1.1[0m" 404 -]
[2025-03-10 03:15:25,573: INFO: _internal: 127.0.0.1 - - [10/Mar/2025 03:15:25] "[33mGET /favicon.ico HTTP/1.1[0m" 404 -]
[2025-03-10 03:15:59,860: INFO: main: Welcome to our custom logging data science]
[2025-03-10 03:15:59,860: INFO: main: >>>>>> stage Data Ingestion stage started <<<<<<]
[2025-03-10 03:15:59,874: INFO: common: yaml file: config\config.yaml loaded successfully]
[2025-03-10 03:15:59,881: INFO: common: yaml file: params.yaml loaded successfully]
[2025-03-10 03:15:59,889: INFO: common: yaml file: schema.yaml loaded successfully]
[2025-03-10 03:15:59,890: INFO: common: created directory at: artifacts]
[2025-03-10 03:15:59,890: INFO: common: created directory at: artifacts/data_ingestion]
[2025-03-10 03:15:59,891: INFO: data_ingestion: File already exists]
[2025-03-10 03:15:59,906: INFO: main: >>>>>> stage Data Ingestion stage completed <<<<<<

x============x]
[2025-03-10 03:15:59,906: INFO: main: >>>>>> stage Data Validation stage started <<<<<<]
[2025-03-10 03:15:59,909: INFO: common: yaml file: config\config.yaml loaded successfully]
[2025-03-10 03:15:59,910: INFO: common: yaml file: params.yaml loaded successfully]
[2025-03-10 03:15:59,912: INFO: common: yaml file: schema.yaml loaded successfully]
[2025-03-10 03:15:59,912: INFO: common: created directory at: artifacts]
[2025-03-10 03:15:59,912: INFO: common: created directory at: artifacts/data_validation]
[2025-03-10 03:15:59,930: INFO: main: >>>>>> stage Data Validation stage completed <<<<<<

x============x]
[2025-03-10 03:15:59,930: INFO: main: >>>>>> stage Data Transformation stage started <<<<<<]
[2025-03-10 03:15:59,940: INFO: common: yaml file: config\config.yaml loaded successfully]
[2025-03-10 03:15:59,941: INFO: common: yaml file: params.yaml loaded successfully]
[2025-03-10 03:15:59,943: INFO: common: yaml file: schema.yaml loaded successfully]
[2025-03-10 03:15:59,944: INFO: common: created directory at: artifacts]
[2025-03-10 03:15:59,944: INFO: common: created directory at: artifacts/data_transformation]
[2025-03-10 03:15:59,963: INFO: data_transformation: Splited data into training and test sets]
[2025-03-10 03:15:59,964: INFO: data_transformation: (1199, 12)]
[2025-03-10 03:15:59,964: INFO: data_transformation: (400, 12)]
[2025-03-10 03:15:59,964: INFO: main: >>>>>> stage Data Transformation stage completed <<<<<<

x============x]
[2025-03-10 03:15:59,965: INFO: main: >>>>>> stage Model Trainer stage started <<<<<<]
[2025-03-10 03:15:59,967: INFO: common: yaml file: config\config.yaml loaded successfully]
[2025-03-10 03:15:59,968: INFO: common: yaml file: params.yaml loaded successfully]
[2025-03-10 03:15:59,971: INFO: common: yaml file: schema.yaml loaded successfully]
[2025-03-10 03:15:59,971: INFO: common: created directory at: artifacts]
[2025-03-10 03:15:59,972: INFO: common: created directory at: artifacts/model_trainer]
[2025-03-10 03:16:00,003: INFO: main: >>>>>> stage Model Trainer stage completed <<<<<<

x============x]
[2025-03-10 03:16:00,003: INFO: main: >>>>>> stage Model Evaluation stage started <<<<<<]
[2025-03-10 03:16:00,006: INFO: common: yaml file: config\config.yaml loaded successfully]
[2025-03-10 03:16:00,007: INFO: common: yaml file: params.yaml loaded successfully]
[2025-03-10 03:16:00,009: INFO: common: yaml file: schema.yaml loaded successfully]
[2025-03-10 03:16:00,009: INFO: common: created directory at: artifacts]
[2025-03-10 03:16:00,009: INFO: common: created directory at: artifacts/model_evaluation]
[2025-03-10 03:16:01,005: INFO: common: json file saved at: artifacts\model_evaluation\metrics.json]
[2025-03-10 03:16:09,401: INFO: main: >>>>>> stage Model Evaluation stage completed <<<<<<

x============x]
[2025-03-10 03:16:09,867: INFO: _internal: 127.0.0.1 - - [10/Mar/2025 03:16:09] "GET /train HTTP/1.1" 200 -]
[2025-03-10 03:16:34,012: INFO: _internal: 127.0.0.1 - - [10/Mar/2025 03:16:34] "GET / HTTP/1.1" 200 -]
[2025-03-10 03:16:34,039: INFO: _internal: 127.0.0.1 - - [10/Mar/2025 03:16:34] "[33mGET /static/assets/img/form-v9.jpg HTTP/1.1[0m" 404 -]
[2025-03-10 03:17:03,575: INFO: _internal: 127.0.0.1 - - [10/Mar/2025 03:17:03] "POST /predict HTTP/1.1" 200 -]
[2025-03-11 03:22:39,851: INFO: common: yaml file: config\config.yaml loaded successfully]
[2025-03-11 03:22:39,860: INFO: common: yaml file: params.yaml loaded successfully]
[2025-03-11 03:22:39,870: INFO: common: yaml file: schema.yaml loaded successfully]
[2025-03-11 03:22:39,872: INFO: common: created directory at: artifacts]
[2025-03-11 03:22:39,872: INFO: common: created directory at: artifacts/data_ingestion]
[2025-03-11 03:22:57,539: INFO: common: yaml file: config\config.yaml loaded successfully]
[2025-03-11 03:22:57,540: INFO: common: yaml file: params.yaml loaded successfully]
[2025-03-11 03:22:57,542: INFO: common: yaml file: schema.yaml loaded successfully]
[2025-03-11 03:22:57,543: INFO: common: created directory at: artifacts]
[2025-03-11 03:22:57,544: INFO: common: created directory at: artifacts/data_ingestion]
[2025-03-11 03:23:55,138: INFO: common: yaml file: config\config.yaml loaded successfully]
[2025-03-11 03:23:55,140: INFO: common: yaml file: params.yaml loaded successfully]
[2025-03-11 03:23:55,142: INFO: common: yaml file: schema.yaml loaded successfully]
[2025-03-11 03:23:55,143: INFO: common: created directory at: artifacts]
[2025-03-11 03:23:55,144: INFO: common: created directory at: artifacts/data_ingestion]
[2025-03-11 03:23:59,850: INFO: common: yaml file: config\config.yaml loaded successfully]
[2025-03-11 03:23:59,851: INFO: common: yaml file: params.yaml loaded successfully]
[2025-03-11 03:23:59,853: INFO: common: yaml file: schema.yaml loaded successfully]
[2025-03-11 03:23:59,854: INFO: common: created directory at: artifacts]
[2025-03-11 03:23:59,855: INFO: common: created directory at: artifacts/data_ingestion]
[2025-03-11 03:23:59,858: INFO: 2943792858: File copied from F:\zizo\MLOPS\datascienceproject\data\Temp_dataset.csv to artifacts/data_ingestion/Temp_dataset.csv]
[2025-03-11 03:32:41,435: INFO: main: Welcome to our custom logging data science]
[2025-03-11 03:32:41,436: INFO: main: >>>>>> stage Data Ingestion stage started <<<<<<]
[2025-03-11 03:32:41,439: INFO: common: yaml file: config\config.yaml loaded successfully]
[2025-03-11 03:32:41,440: INFO: common: yaml file: params.yaml loaded successfully]
[2025-03-11 03:32:41,441: INFO: common: yaml file: schema.yaml loaded successfully]
[2025-03-11 03:32:41,442: INFO: common: created directory at: artifacts]
[2025-03-11 03:32:41,442: INFO: common: created directory at: artifacts/data_ingestion]
[2025-03-11 03:32:41,444: INFO: data_ingestion: File copied from F:\zizo\MLOPS\datascienceproject\data\Temp_dataset.csv to artifacts/data_ingestion/Temp_dataset.csv]
[2025-03-11 03:32:41,444: INFO: main: >>>>>> stage Data Ingestion stage completed <<<<<<

x============x]
